This is pdfTeX, Version 3.1415926-2.5-1.40.14 (TeX Live 2013/Debian) (format=pdflatex 2016.4.30)  13 MAY 2016 17:57
entering extended mode
 restricted \write18 enabled.
 %&-line parsing enabled.
**main.tex
(./main.tex
LaTeX2e <2011/06/27>
Babel <3.9h> and hyphenation patterns for 2 languages loaded.
(/usr/share/texlive/texmf-dist/tex/latex/base/article.cls
Document Class: article 2007/10/19 v1.4h Standard LaTeX document class
(/usr/share/texlive/texmf-dist/tex/latex/base/size12.clo
File: size12.clo 2007/10/19 v1.4h Standard LaTeX file (size option)
)
\c@part=\count79
\c@section=\count80
\c@subsection=\count81
\c@subsubsection=\count82
\c@paragraph=\count83
\c@subparagraph=\count84
\c@figure=\count85
\c@table=\count86
\abovecaptionskip=\skip41
\belowcaptionskip=\skip42
\bibindent=\dimen102
)
(/usr/share/texlive/texmf-dist/tex/latex/amsfonts/amsfonts.sty
Package: amsfonts 2013/01/14 v3.01 Basic AMSFonts support
\@emptytoks=\toks14
\symAMSa=\mathgroup4
\symAMSb=\mathgroup5
LaTeX Font Info:    Overwriting math alphabet `\mathfrak' in version `bold'
(Font)                  U/euf/m/n --> U/euf/b/n on input line 106.
)
(/usr/share/texlive/texmf-dist/tex/latex/amscls/amsthm.sty
Package: amsthm 2004/08/06 v2.20
\thm@style=\toks15
\thm@bodyfont=\toks16
\thm@headfont=\toks17
\thm@notefont=\toks18
\thm@headpunct=\toks19
\thm@preskip=\skip43
\thm@postskip=\skip44
\thm@headsep=\skip45
\dth@everypar=\toks20
)

! LaTeX Error: File `algorithm.sty' not found.

Type X to quit or <RETURN> to proceed,
or enter new name. (Default extension: sty)

Enter file name: 

! LaTeX Error: File `algorithmic.sty' not found.

Type X to quit or <RETURN> to proceed,
or enter new name. (Default extension: sty)

Enter file name: 
(/usr/share/texlive/texmf-dist/tex/latex/graphics/graphicx.sty
Package: graphicx 1999/02/16 v1.0f Enhanced LaTeX Graphics (DPC,SPQR)

(/usr/share/texlive/texmf-dist/tex/latex/graphics/keyval.sty
Package: keyval 1999/03/16 v1.13 key=value parser (DPC)
\KV@toks@=\toks21
)
(/usr/share/texlive/texmf-dist/tex/latex/graphics/graphics.sty
Package: graphics 2009/02/05 v1.0o Standard LaTeX Graphics (DPC,SPQR)

(/usr/share/texlive/texmf-dist/tex/latex/graphics/trig.sty
Package: trig 1999/03/16 v1.09 sin cos tan (DPC)
)
(/usr/share/texlive/texmf-dist/tex/latex/latexconfig/graphics.cfg
File: graphics.cfg 2010/04/23 v1.9 graphics configuration of TeX Live
)
Package graphics Info: Driver file: pdftex.def on input line 91.

(/usr/share/texlive/texmf-dist/tex/latex/pdftex-def/pdftex.def
File: pdftex.def 2011/05/27 v0.06d Graphics/color for pdfTeX

(/usr/share/texlive/texmf-dist/tex/generic/oberdiek/infwarerr.sty
Package: infwarerr 2010/04/08 v1.3 Providing info/warning/error messages (HO)
)
(/usr/share/texlive/texmf-dist/tex/generic/oberdiek/ltxcmds.sty
Package: ltxcmds 2011/11/09 v1.22 LaTeX kernel commands for general use (HO)
)
\Gread@gobject=\count87
))
\Gin@req@height=\dimen103
\Gin@req@width=\dimen104
)

! LaTeX Error: File `listings.sty' not found.

Type X to quit or <RETURN> to proceed,
or enter new name. (Default extension: sty)

Enter file name: 

! LaTeX Error: File `setspace.sty' not found.

Type X to quit or <RETURN> to proceed,
or enter new name. (Default extension: sty)

Enter file name: 
(/usr/share/texlive/texmf-dist/tex/latex/geometry/geometry.sty
Package: geometry 2010/09/12 v5.6 Page Geometry

(/usr/share/texlive/texmf-dist/tex/generic/oberdiek/ifpdf.sty
Package: ifpdf 2011/01/30 v2.3 Provides the ifpdf switch (HO)
Package ifpdf Info: pdfTeX in PDF mode is detected.
)
(/usr/share/texlive/texmf-dist/tex/generic/oberdiek/ifvtex.sty
Package: ifvtex 2010/03/01 v1.5 Detect VTeX and its facilities (HO)
Package ifvtex Info: VTeX not detected.
)
(/usr/share/texlive/texmf-dist/tex/generic/ifxetex/ifxetex.sty
Package: ifxetex 2010/09/12 v0.6 Provides ifxetex conditional
)
\Gm@cnth=\count88
\Gm@cntv=\count89
\c@Gm@tempcnt=\count90
\Gm@bindingoffset=\dimen105
\Gm@wd@mp=\dimen106
\Gm@odd@mp=\dimen107
\Gm@even@mp=\dimen108
\Gm@layoutwidth=\dimen109
\Gm@layoutheight=\dimen110
\Gm@layouthoffset=\dimen111
\Gm@layoutvoffset=\dimen112
\Gm@dimlist=\toks22
)
(/usr/share/texlive/texmf-dist/tex/latex/graphics/color.sty
Package: color 2005/11/14 v1.0j Standard LaTeX Color (DPC)

(/usr/share/texlive/texmf-dist/tex/latex/latexconfig/color.cfg
File: color.cfg 2007/01/18 v1.5 color configuration of teTeX/TeXLive
)
Package color Info: Driver file: pdftex.def on input line 130.
)
(/usr/share/texlive/texmf-dist/tex/latex/tools/tabularx.sty
Package: tabularx 1999/01/07 v2.07 `tabularx' package (DPC)

(/usr/share/texlive/texmf-dist/tex/latex/tools/array.sty
Package: array 2008/09/09 v2.4c Tabular extension package (FMi)
\col@sep=\dimen113
\extrarowheight=\dimen114
\NC@list=\toks23
\extratabsurround=\skip46
\backup@length=\skip47
)
\TX@col@width=\dimen115
\TX@old@table=\dimen116
\TX@old@col=\dimen117
\TX@target=\dimen118
\TX@delta=\dimen119
\TX@cols=\count91
\TX@ftn=\toks24
) (./main.aux)
\openout1 = `main.aux'.

LaTeX Font Info:    Checking defaults for OML/cmm/m/it on input line 18.
LaTeX Font Info:    ... okay on input line 18.
LaTeX Font Info:    Checking defaults for T1/cmr/m/n on input line 18.
LaTeX Font Info:    ... okay on input line 18.
LaTeX Font Info:    Checking defaults for OT1/cmr/m/n on input line 18.
LaTeX Font Info:    ... okay on input line 18.
LaTeX Font Info:    Checking defaults for OMS/cmsy/m/n on input line 18.
LaTeX Font Info:    ... okay on input line 18.
LaTeX Font Info:    Checking defaults for OMX/cmex/m/n on input line 18.
LaTeX Font Info:    ... okay on input line 18.
LaTeX Font Info:    Checking defaults for U/cmr/m/n on input line 18.
LaTeX Font Info:    ... okay on input line 18.

(/usr/share/texlive/texmf-dist/tex/context/base/supp-pdf.mkii
[Loading MPS to PDF converter (version 2006.09.02).]
\scratchcounter=\count92
\scratchdimen=\dimen120
\scratchbox=\box26
\nofMPsegments=\count93
\nofMParguments=\count94
\everyMPshowfont=\toks25
\MPscratchCnt=\count95
\MPscratchDim=\dimen121
\MPnumerator=\count96
\makeMPintoPDFobject=\count97
\everyMPtoPDFconversion=\toks26
) (/usr/share/texlive/texmf-dist/tex/generic/oberdiek/pdftexcmds.sty
Package: pdftexcmds 2011/11/29 v0.20 Utility functions of pdfTeX for LuaTeX (HO
)

(/usr/share/texlive/texmf-dist/tex/generic/oberdiek/ifluatex.sty
Package: ifluatex 2010/03/01 v1.3 Provides the ifluatex switch (HO)
Package ifluatex Info: LuaTeX not detected.
)
Package pdftexcmds Info: LuaTeX not detected.
Package pdftexcmds Info: \pdf@primitive is available.
Package pdftexcmds Info: \pdf@ifprimitive is available.
Package pdftexcmds Info: \pdfdraftmode found.
)
(/usr/share/texlive/texmf-dist/tex/latex/oberdiek/epstopdf-base.sty
Package: epstopdf-base 2010/02/09 v2.5 Base part for package epstopdf

(/usr/share/texlive/texmf-dist/tex/latex/oberdiek/grfext.sty
Package: grfext 2010/08/19 v1.1 Manage graphics extensions (HO)

(/usr/share/texlive/texmf-dist/tex/generic/oberdiek/kvdefinekeys.sty
Package: kvdefinekeys 2011/04/07 v1.3 Define keys (HO)
))
(/usr/share/texlive/texmf-dist/tex/latex/oberdiek/kvoptions.sty
Package: kvoptions 2011/06/30 v3.11 Key value format for package options (HO)

(/usr/share/texlive/texmf-dist/tex/generic/oberdiek/kvsetkeys.sty
Package: kvsetkeys 2012/04/25 v1.16 Key value parser (HO)

(/usr/share/texlive/texmf-dist/tex/generic/oberdiek/etexcmds.sty
Package: etexcmds 2011/02/16 v1.5 Avoid name clashes with e-TeX commands (HO)
Package etexcmds Info: Could not find \expanded.
(etexcmds)             That can mean that you are not using pdfTeX 1.50 or
(etexcmds)             that some package has redefined \expanded.
(etexcmds)             In the latter case, load this package earlier.
)))
Package grfext Info: Graphics extension search list:
(grfext)             [.png,.pdf,.jpg,.mps,.jpeg,.jbig2,.jb2,.PNG,.PDF,.JPG,.JPE
G,.JBIG2,.JB2,.eps]
(grfext)             \AppendGraphicsExtensions on input line 452.

(/usr/share/texlive/texmf-dist/tex/latex/latexconfig/epstopdf-sys.cfg
File: epstopdf-sys.cfg 2010/07/13 v1.3 Configuration of (r)epstopdf for TeX Liv
e
))
*geometry* driver: auto-detecting
*geometry* detected driver: pdftex
*geometry* verbose mode - [ preamble ] result:
* driver: pdftex
* paper: <default>
* layout: <same size as paper>
* layoutoffset:(h,v)=(0.0pt,0.0pt)
* modes: 
* h-part:(L,W,R)=(72.26999pt, 469.75502pt, 72.26999pt)
* v-part:(T,H,B)=(72.26999pt, 650.43001pt, 72.26999pt)
* \paperwidth=614.295pt
* \paperheight=794.96999pt
* \textwidth=469.75502pt
* \textheight=650.43001pt
* \oddsidemargin=0.0pt
* \evensidemargin=0.0pt
* \topmargin=-37.0pt
* \headheight=12.0pt
* \headsep=25.0pt
* \topskip=12.0pt
* \footskip=30.0pt
* \marginparwidth=44.0pt
* \marginparsep=10.0pt
* \columnsep=10.0pt
* \skip\footins=10.8pt plus 4.0pt minus 2.0pt
* \hoffset=0.0pt
* \voffset=0.0pt
* \mag=1000
* \@twocolumnfalse
* \@twosidefalse
* \@mparswitchfalse
* \@reversemarginfalse
* (1in=72.27pt=25.4mm, 1cm=28.453pt)

! Undefined control sequence.
l.19 \doublespacing
                   
? 
LaTeX Font Info:    Try loading font information for U+msa on input line 23.
(/usr/share/texlive/texmf-dist/tex/latex/amsfonts/umsa.fd
File: umsa.fd 2013/01/14 v3.01 AMS symbols A
)
LaTeX Font Info:    Try loading font information for U+msb on input line 23.

(/usr/share/texlive/texmf-dist/tex/latex/amsfonts/umsb.fd
File: umsb.fd 2013/01/14 v3.01 AMS symbols B
)

LaTeX Warning: No \author given.

(./abstract.tex) (./introduction.tex
Underfull \hbox (badness 10000) in paragraph at lines 3--4

 []


Underfull \hbox (badness 10000) in paragraph at lines 5--6

 []


Underfull \hbox (badness 10000) in paragraph at lines 7--8

 []


Underfull \hbox (badness 10000) in paragraph at lines 9--10

 []

[1

{/var/lib/texmf/fonts/map/pdftex/updmap/pdftex.map}]) (./seriallogging.tex)
(./batchlogging.tex) (./parallellogging.tex
LaTeX Font Info:    Try loading font information for OMS+cmr on input line 14.

(/usr/share/texlive/texmf-dist/tex/latex/base/omscmr.fd
File: omscmr.fd 1999/05/25 v2.5h Standard LaTeX font definitions
)
LaTeX Font Info:    Font shape `OMS/cmr/m/n' in size <12> not available
(Font)              Font shape `OMS/cmsy/m/n' tried instead on input line 14.

<Dependencies.jpg, id=10, 1888.05376pt x 363.3575pt>
File: Dependencies.jpg Graphic file (type jpg)
 <use Dependencies.jpg>
Package pdftex.def Info: Dependencies.jpg used on input line 22.
(pdftex.def)             Requested size: 469.75502pt x 90.40114pt.

[2]
Overfull \hbox (14.47853pt too wide) in paragraph at lines 34--34
[]\OT1/cmr/m/n/12 We pro-pose, how-ever, that ig-nor-ing the WAR de-pen-dency, 
also known as \OT1/cmr/bx/n/12 anti-dependency\OT1/cmr/m/n/12 ,
 []

<Parallel.png, id=15, 187.70125pt x 242.9075pt>
File: Parallel.png Graphic file (type png)
 <use Parallel.png>
Package pdftex.def Info: Parallel.png used on input line 44.
(pdftex.def)             Requested size: 92.72481pt x 120.0pt.

<Parallel_re.png, id=17, 376.40625pt x 272.01625pt>
File: Parallel_re.png Graphic file (type png)
 <use Parallel_re.png>
Package pdftex.def Info: Parallel_re.png used on input line 46.
(pdftex.def)             Requested size: 166.05576pt x 120.0pt.


LaTeX Warning: `!h' float specifier changed to `!ht'.

[3 <./Dependencies.jpg>]) (./evaluation.tex
Underfull \hbox (badness 10000) in paragraph at lines 6--7

 []


Underfull \hbox (badness 10000) in paragraph at lines 8--9

 []

! Missing $ inserted.
<inserted text> 
                $
l.40 Average log time per txn for buffer_
                                         size 10: 7.98827246297e-06 with 398...

? 
! Missing $ inserted.
<inserted text> 
                $
l.50 
     
? 

Overfull \hbox (245.86095pt too wide) in paragraph at lines 10--50
\OT1/cmr/m/n/12 06\OML/cmm/m/it/12 with\OT1/cmr/m/n/12 39831\OML/cmm/m/it/12 :\
OT1/cmr/m/n/12 4\OML/cmm/m/it/12 txns:Averagelogtimepertxnforbuffer[]ize\OT1/cm
r/m/n/12 20 : 7\OML/cmm/m/it/12 :\OT1/cmr/m/n/12 09085828262\OML/cmm/m/it/12 e 
\OMS/cmsy/m/n/12 ^^@ \OT1/cmr/m/n/12 06\OML/cmm/m/it/12 with\OT1/cmr/m/n/12 358
42\OML/cmm/m/it/12 :\OT1/cmr/m/n/12 6\OML/cmm/m/it/12 txns:Averagelogtimepertxn
forbuffer[]ize\OT1/cmr/m/n/12 30 :
 []


Overfull \hbox (22.533pt too wide) in paragraph at lines 10--50
\OT1/cmr/m/n/12 1\OML/cmm/m/it/12 :\OT1/cmr/m/n/12 00192992279\OML/cmm/m/it/12 
e \OMS/cmsy/m/n/12 ^^@ \OT1/cmr/m/n/12 05\OML/cmm/m/it/12 with\OT1/cmr/m/n/12 4
3720\OML/cmm/m/it/12 :\OT1/cmr/m/n/12 9\OML/cmm/m/it/12 txns:Averagelogtimepert
xnforbuffer[]ize\OT1/cmr/m/n/12 40 : 1\OML/cmm/m/it/12 :\OT1/cmr/m/n/12 4369941
4518\OML/cmm/m/it/12 e \OMS/cmsy/m/n/12 ^^@
 []


Overfull \hbox (245.86095pt too wide) in paragraph at lines 10--50
\OT1/cmr/m/n/12 05\OML/cmm/m/it/12 with\OT1/cmr/m/n/12 43297\OML/cmm/m/it/12 :\
OT1/cmr/m/n/12 9\OML/cmm/m/it/12 txns:Averagelogtimepertxnforbuffer[]ize\OT1/cm
r/m/n/12 50 : 1\OML/cmm/m/it/12 :\OT1/cmr/m/n/12 33267980447\OML/cmm/m/it/12 e 
\OMS/cmsy/m/n/12 ^^@ \OT1/cmr/m/n/12 05\OML/cmm/m/it/12 with\OT1/cmr/m/n/12 435
49\OML/cmm/m/it/12 :\OT1/cmr/m/n/12 2\OML/cmm/m/it/12 txns:Averagelogtimepertxn
forbuffer[]ize\OT1/cmr/m/n/12 60 :
 []


Overfull \hbox (16.65807pt too wide) in paragraph at lines 10--50
\OT1/cmr/m/n/12 1\OML/cmm/m/it/12 :\OT1/cmr/m/n/12 1985913315\OML/cmm/m/it/12 e
 \OMS/cmsy/m/n/12 ^^@ \OT1/cmr/m/n/12 05\OML/cmm/m/it/12 with\OT1/cmr/m/n/12 43
616\OML/cmm/m/it/12 :\OT1/cmr/m/n/12 3\OML/cmm/m/it/12 txns:Averagelogtimepertx
nforbuffer[]ize\OT1/cmr/m/n/12 70 : 1\OML/cmm/m/it/12 :\OT1/cmr/m/n/12 14592003
908\OML/cmm/m/it/12 e \OMS/cmsy/m/n/12 ^^@
 []


Overfull \hbox (245.86095pt too wide) in paragraph at lines 10--50
\OT1/cmr/m/n/12 05\OML/cmm/m/it/12 with\OT1/cmr/m/n/12 43672\OML/cmm/m/it/12 :\
OT1/cmr/m/n/12 7\OML/cmm/m/it/12 txns:Averagelogtimepertxnforbuffer[]ize\OT1/cm
r/m/n/12 80 : 1\OML/cmm/m/it/12 :\OT1/cmr/m/n/12 10223567894\OML/cmm/m/it/12 e 
\OMS/cmsy/m/n/12 ^^@ \OT1/cmr/m/n/12 05\OML/cmm/m/it/12 with\OT1/cmr/m/n/12 435
04\OML/cmm/m/it/12 :\OT1/cmr/m/n/12 3\OML/cmm/m/it/12 txns:Averagelogtimepertxn
forbuffer[]ize\OT1/cmr/m/n/12 90 :
 []


Overfull \hbox (28.40794pt too wide) in paragraph at lines 10--50
\OT1/cmr/m/n/12 9\OML/cmm/m/it/12 :\OT1/cmr/m/n/12 95585073659\OML/cmm/m/it/12 
e \OMS/cmsy/m/n/12 ^^@ \OT1/cmr/m/n/12 06\OML/cmm/m/it/12 with\OT1/cmr/m/n/12 3
9617\OML/cmm/m/it/12 :\OT1/cmr/m/n/12 3\OML/cmm/m/it/12 txns:Averagelogtimepert
xnforbuffer[]ize\OT1/cmr/m/n/12 100 : 9\OML/cmm/m/it/12 :\OT1/cmr/m/n/12 775835
51714\OML/cmm/m/it/12 e \OMS/cmsy/m/n/12 ^^@
 []


LaTeX Warning: `!h' float specifier changed to `!ht'.

[4 <./Parallel.png> <./Parallel_re.png>]
! Missing $ inserted.
<inserted text> 
                $
l.55 Average log time per txn for buffer_
                                         size 10: 8.4024601054e-06 with 3981...

? 
! Missing $ inserted.
<inserted text> 
                $
l.65 
     
? 

Overfull \hbox (156.61919pt too wide) in paragraph at lines 55--65
[]\OT1/cmr/m/n/12 Average log time per txn for buffer$[]\OML/cmm/m/it/12 ize\OT
1/cmr/m/n/12 10 : 8\OML/cmm/m/it/12 :\OT1/cmr/m/n/12 4024601054\OML/cmm/m/it/12
 e \OMS/cmsy/m/n/12 ^^@ \OT1/cmr/m/n/12 06\OML/cmm/m/it/12 with\OT1/cmr/m/n/12 
39814\OML/cmm/m/it/12 :\OT1/cmr/m/n/12 7\OML/cmm/m/it/12 txns:Averagelogtimeper
txnforbuffer[]ize\OT1/cmr/m/n/12 20 :
 []


Overfull \hbox (22.533pt too wide) in paragraph at lines 55--65
\OT1/cmr/m/n/12 7\OML/cmm/m/it/12 :\OT1/cmr/m/n/12 94581075305\OML/cmm/m/it/12 
e \OMS/cmsy/m/n/12 ^^@ \OT1/cmr/m/n/12 06\OML/cmm/m/it/12 with\OT1/cmr/m/n/12 3
5738\OML/cmm/m/it/12 :\OT1/cmr/m/n/12 3\OML/cmm/m/it/12 txns:Averagelogtimepert
xnforbuffer[]ize\OT1/cmr/m/n/12 30 : 8\OML/cmm/m/it/12 :\OT1/cmr/m/n/12 2920883
6395\OML/cmm/m/it/12 e \OMS/cmsy/m/n/12 ^^@
 []


Overfull \hbox (245.86095pt too wide) in paragraph at lines 55--65
\OT1/cmr/m/n/12 06\OML/cmm/m/it/12 with\OT1/cmr/m/n/12 43826\OML/cmm/m/it/12 :\
OT1/cmr/m/n/12 1\OML/cmm/m/it/12 txns:Averagelogtimepertxnforbuffer[]ize\OT1/cm
r/m/n/12 40 : 1\OML/cmm/m/it/12 :\OT1/cmr/m/n/12 21009485441\OML/cmm/m/it/12 e 
\OMS/cmsy/m/n/12 ^^@ \OT1/cmr/m/n/12 05\OML/cmm/m/it/12 with\OT1/cmr/m/n/12 437
09\OML/cmm/m/it/12 :\OT1/cmr/m/n/12 4\OML/cmm/m/it/12 txns:Averagelogtimepertxn
forbuffer[]ize\OT1/cmr/m/n/12 50 :
 []


Overfull \hbox (22.533pt too wide) in paragraph at lines 55--65
\OT1/cmr/m/n/12 1\OML/cmm/m/it/12 :\OT1/cmr/m/n/12 15426346849\OML/cmm/m/it/12 
e \OMS/cmsy/m/n/12 ^^@ \OT1/cmr/m/n/12 05\OML/cmm/m/it/12 with\OT1/cmr/m/n/12 4
3542\OML/cmm/m/it/12 :\OT1/cmr/m/n/12 6\OML/cmm/m/it/12 txns:Averagelogtimepert
xnforbuffer[]ize\OT1/cmr/m/n/12 60 : 1\OML/cmm/m/it/12 :\OT1/cmr/m/n/12 0620915
5302\OML/cmm/m/it/12 e \OMS/cmsy/m/n/12 ^^@
 []


Overfull \hbox (245.86095pt too wide) in paragraph at lines 55--65
\OT1/cmr/m/n/12 05\OML/cmm/m/it/12 with\OT1/cmr/m/n/12 43513\OML/cmm/m/it/12 :\
OT1/cmr/m/n/12 1\OML/cmm/m/it/12 txns:Averagelogtimepertxnforbuffer[]ize\OT1/cm
r/m/n/12 70 : 1\OML/cmm/m/it/12 :\OT1/cmr/m/n/12 08573198778\OML/cmm/m/it/12 e 
\OMS/cmsy/m/n/12 ^^@ \OT1/cmr/m/n/12 05\OML/cmm/m/it/12 with\OT1/cmr/m/n/12 433
91\OML/cmm/m/it/12 :\OT1/cmr/m/n/12 0\OML/cmm/m/it/12 txns:Averagelogtimepertxn
forbuffer[]ize\OT1/cmr/m/n/12 80 :
 []


Overfull \hbox (16.65807pt too wide) in paragraph at lines 55--65
\OT1/cmr/m/n/12 9\OML/cmm/m/it/12 :\OT1/cmr/m/n/12 5191373736\OML/cmm/m/it/12 e
 \OMS/cmsy/m/n/12 ^^@ \OT1/cmr/m/n/12 06\OML/cmm/m/it/12 with\OT1/cmr/m/n/12 43
707\OML/cmm/m/it/12 :\OT1/cmr/m/n/12 1\OML/cmm/m/it/12 txns:Averagelogtimepertx
nforbuffer[]ize\OT1/cmr/m/n/12 90 : 8\OML/cmm/m/it/12 :\OT1/cmr/m/n/12 75585618
379\OML/cmm/m/it/12 e \OMS/cmsy/m/n/12 ^^@
 []


Overfull \hbox (40.5988pt too wide) in paragraph at lines 55--65
\OT1/cmr/m/n/12 06\OML/cmm/m/it/12 with\OT1/cmr/m/n/12 39517\OML/cmm/m/it/12 :\
OT1/cmr/m/n/12 5\OML/cmm/m/it/12 txns:Averagelogtimepertxnforbuffer[]ize\OT1/cm
r/m/n/12 100 : 8\OML/cmm/m/it/12 :\OT1/cmr/m/n/12 08590952704\OML/cmm/m/it/12 e
 \OMS/cmsy/m/n/12 ^^@ \OT1/cmr/m/n/12 06\OML/cmm/m/it/12 with\OT1/cmr/m/n/12 39
549\OML/cmm/m/it/12 :\OT1/cmr/m/n/12 7\OML/cmm/m/it/12 txns:$ 
 []

! Missing $ inserted.
<inserted text> 
                $
l.69 Average log time per txn for buffer_
                                         size 10: 4.04340885057e-05 with 783...

? 
! Missing $ inserted.
<inserted text> 
                $
l.79 
     
? 

Overfull \hbox (162.49413pt too wide) in paragraph at lines 69--79
[]\OT1/cmr/m/n/12 Average log time per txn for buffer$[]\OML/cmm/m/it/12 ize\OT
1/cmr/m/n/12 10 : 4\OML/cmm/m/it/12 :\OT1/cmr/m/n/12 04340885057\OML/cmm/m/it/1
2 e \OMS/cmsy/m/n/12 ^^@ \OT1/cmr/m/n/12 05\OML/cmm/m/it/12 with\OT1/cmr/m/n/12
 78395\OML/cmm/m/it/12 :\OT1/cmr/m/n/12 9\OML/cmm/m/it/12 txns:Averagelogtimepe
rtxnforbuffer[]ize\OT1/cmr/m/n/12 20 :
 []


Overfull \hbox (22.533pt too wide) in paragraph at lines 69--79
\OT1/cmr/m/n/12 5\OML/cmm/m/it/12 :\OT1/cmr/m/n/12 88612024086\OML/cmm/m/it/12 
e \OMS/cmsy/m/n/12 ^^@ \OT1/cmr/m/n/12 05\OML/cmm/m/it/12 with\OT1/cmr/m/n/12 6
8059\OML/cmm/m/it/12 :\OT1/cmr/m/n/12 7\OML/cmm/m/it/12 txns:Averagelogtimepert
xnforbuffer[]ize\OT1/cmr/m/n/12 30 : 6\OML/cmm/m/it/12 :\OT1/cmr/m/n/12 8786985
9705\OML/cmm/m/it/12 e \OMS/cmsy/m/n/12 ^^@
 []


Overfull \hbox (239.98601pt too wide) in paragraph at lines 69--79
\OT1/cmr/m/n/12 05\OML/cmm/m/it/12 with\OT1/cmr/m/n/12 82370\OML/cmm/m/it/12 :\
OT1/cmr/m/n/12 1\OML/cmm/m/it/12 txns:Averagelogtimepertxnforbuffer[]ize\OT1/cm
r/m/n/12 40 : 6\OML/cmm/m/it/12 :\OT1/cmr/m/n/12 1601780077\OML/cmm/m/it/12 e \
OMS/cmsy/m/n/12 ^^@ \OT1/cmr/m/n/12 05\OML/cmm/m/it/12 with\OT1/cmr/m/n/12 8302
4\OML/cmm/m/it/12 :\OT1/cmr/m/n/12 6\OML/cmm/m/it/12 txns:Averagelogtimepertxnf
orbuffer[]ize\OT1/cmr/m/n/12 50 :
 []


Overfull \hbox (22.533pt too wide) in paragraph at lines 69--79
\OT1/cmr/m/n/12 5\OML/cmm/m/it/12 :\OT1/cmr/m/n/12 49539990923\OML/cmm/m/it/12 
e \OMS/cmsy/m/n/12 ^^@ \OT1/cmr/m/n/12 05\OML/cmm/m/it/12 with\OT1/cmr/m/n/12 8
1959\OML/cmm/m/it/12 :\OT1/cmr/m/n/12 7\OML/cmm/m/it/12 txns:Averagelogtimepert
xnforbuffer[]ize\OT1/cmr/m/n/12 60 : 4\OML/cmm/m/it/12 :\OT1/cmr/m/n/12 5213954
8576\OML/cmm/m/it/12 e \OMS/cmsy/m/n/12 ^^@
 []


Overfull \hbox (245.86095pt too wide) in paragraph at lines 69--79
\OT1/cmr/m/n/12 05\OML/cmm/m/it/12 with\OT1/cmr/m/n/12 84458\OML/cmm/m/it/12 :\
OT1/cmr/m/n/12 9\OML/cmm/m/it/12 txns:Averagelogtimepertxnforbuffer[]ize\OT1/cm
r/m/n/12 70 : 4\OML/cmm/m/it/12 :\OT1/cmr/m/n/12 02535824733\OML/cmm/m/it/12 e 
\OMS/cmsy/m/n/12 ^^@ \OT1/cmr/m/n/12 05\OML/cmm/m/it/12 with\OT1/cmr/m/n/12 836
81\OML/cmm/m/it/12 :\OT1/cmr/m/n/12 0\OML/cmm/m/it/12 txns:Averagelogtimepertxn
forbuffer[]ize\OT1/cmr/m/n/12 80 :
 []


Overfull \hbox (22.533pt too wide) in paragraph at lines 69--79
\OT1/cmr/m/n/12 3\OML/cmm/m/it/12 :\OT1/cmr/m/n/12 71636342753\OML/cmm/m/it/12 
e \OMS/cmsy/m/n/12 ^^@ \OT1/cmr/m/n/12 05\OML/cmm/m/it/12 with\OT1/cmr/m/n/12 8
3818\OML/cmm/m/it/12 :\OT1/cmr/m/n/12 1\OML/cmm/m/it/12 txns:Averagelogtimepert
xnforbuffer[]ize\OT1/cmr/m/n/12 90 : 2\OML/cmm/m/it/12 :\OT1/cmr/m/n/12 9159606
9681\OML/cmm/m/it/12 e \OMS/cmsy/m/n/12 ^^@
 []


Overfull \hbox (34.72386pt too wide) in paragraph at lines 69--79
\OT1/cmr/m/n/12 05\OML/cmm/m/it/12 with\OT1/cmr/m/n/12 76400\OML/cmm/m/it/12 :\
OT1/cmr/m/n/12 8\OML/cmm/m/it/12 txns:Averagelogtimepertxnforbuffer[]ize\OT1/cm
r/m/n/12 100 : 2\OML/cmm/m/it/12 :\OT1/cmr/m/n/12 5959065368\OML/cmm/m/it/12 e 
\OMS/cmsy/m/n/12 ^^@ \OT1/cmr/m/n/12 05\OML/cmm/m/it/12 with\OT1/cmr/m/n/12 779
82\OML/cmm/m/it/12 :\OT1/cmr/m/n/12 6\OML/cmm/m/it/12 txns:$ 
 []

! Missing $ inserted.
<inserted text> 
                $
l.83 Average log time per txn for buffer_
                                         size 10: 7.2372970539e-05 with 7745...

? 
) (./conclusion.tex
! Missing $ inserted.
<inserted text> 
                $
l.1 \section
            {Conclusion}
? 

Overfull \hbox (156.61919pt too wide) in paragraph at lines 83--1
[]\OT1/cmr/m/n/12 Average log time per txn for buffer$[]\OML/cmm/m/it/12 ize\OT
1/cmr/m/n/12 10 : 7\OML/cmm/m/it/12 :\OT1/cmr/m/n/12 2372970539\OML/cmm/m/it/12
 e \OMS/cmsy/m/n/12 ^^@ \OT1/cmr/m/n/12 05\OML/cmm/m/it/12 with\OT1/cmr/m/n/12 
77455\OML/cmm/m/it/12 :\OT1/cmr/m/n/12 7\OML/cmm/m/it/12 txns:Averagelogtimeper
txnforbuffer[]ize\OT1/cmr/m/n/12 20 :
 []


Overfull \hbox (22.533pt too wide) in paragraph at lines 83--1
\OT1/cmr/m/n/12 5\OML/cmm/m/it/12 :\OT1/cmr/m/n/12 06991711113\OML/cmm/m/it/12 
e \OMS/cmsy/m/n/12 ^^@ \OT1/cmr/m/n/12 05\OML/cmm/m/it/12 with\OT1/cmr/m/n/12 6
9759\OML/cmm/m/it/12 :\OT1/cmr/m/n/12 8\OML/cmm/m/it/12 txns:Averagelogtimepert
xnforbuffer[]ize\OT1/cmr/m/n/12 30 : 5\OML/cmm/m/it/12 :\OT1/cmr/m/n/12 2130723
0369\OML/cmm/m/it/12 e \OMS/cmsy/m/n/12 ^^@
 []


Overfull \hbox (245.86095pt too wide) in paragraph at lines 83--1
\OT1/cmr/m/n/12 05\OML/cmm/m/it/12 with\OT1/cmr/m/n/12 84272\OML/cmm/m/it/12 :\
OT1/cmr/m/n/12 5\OML/cmm/m/it/12 txns:Averagelogtimepertxnforbuffer[]ize\OT1/cm
r/m/n/12 40 : 4\OML/cmm/m/it/12 :\OT1/cmr/m/n/12 68441761639\OML/cmm/m/it/12 e 
\OMS/cmsy/m/n/12 ^^@ \OT1/cmr/m/n/12 05\OML/cmm/m/it/12 with\OT1/cmr/m/n/12 847
01\OML/cmm/m/it/12 :\OT1/cmr/m/n/12 5\OML/cmm/m/it/12 txns:Averagelogtimepertxn
forbuffer[]ize\OT1/cmr/m/n/12 50 :
 []


Overfull \hbox (22.533pt too wide) in paragraph at lines 83--1
\OT1/cmr/m/n/12 4\OML/cmm/m/it/12 :\OT1/cmr/m/n/12 07150340118\OML/cmm/m/it/12 
e \OMS/cmsy/m/n/12 ^^@ \OT1/cmr/m/n/12 05\OML/cmm/m/it/12 with\OT1/cmr/m/n/12 8
5251\OML/cmm/m/it/12 :\OT1/cmr/m/n/12 5\OML/cmm/m/it/12 txns:Averagelogtimepert
xnforbuffer[]ize\OT1/cmr/m/n/12 60 : 3\OML/cmm/m/it/12 :\OT1/cmr/m/n/12 7452177
3965\OML/cmm/m/it/12 e \OMS/cmsy/m/n/12 ^^@
 []


Overfull \hbox (245.86095pt too wide) in paragraph at lines 83--1
\OT1/cmr/m/n/12 05\OML/cmm/m/it/12 with\OT1/cmr/m/n/12 85051\OML/cmm/m/it/12 :\
OT1/cmr/m/n/12 3\OML/cmm/m/it/12 txns:Averagelogtimepertxnforbuffer[]ize\OT1/cm
r/m/n/12 70 : 3\OML/cmm/m/it/12 :\OT1/cmr/m/n/12 39602513669\OML/cmm/m/it/12 e 
\OMS/cmsy/m/n/12 ^^@ \OT1/cmr/m/n/12 05\OML/cmm/m/it/12 with\OT1/cmr/m/n/12 854
01\OML/cmm/m/it/12 :\OT1/cmr/m/n/12 2\OML/cmm/m/it/12 txns:Averagelogtimepertxn
forbuffer[]ize\OT1/cmr/m/n/12 80 :
 []


Overfull \hbox (22.533pt too wide) in paragraph at lines 83--1
\OT1/cmr/m/n/12 3\OML/cmm/m/it/12 :\OT1/cmr/m/n/12 17901883362\OML/cmm/m/it/12 
e \OMS/cmsy/m/n/12 ^^@ \OT1/cmr/m/n/12 05\OML/cmm/m/it/12 with\OT1/cmr/m/n/12 8
5266\OML/cmm/m/it/12 :\OT1/cmr/m/n/12 8\OML/cmm/m/it/12 txns:Averagelogtimepert
xnforbuffer[]ize\OT1/cmr/m/n/12 90 : 2\OML/cmm/m/it/12 :\OT1/cmr/m/n/12 6746769
7626\OML/cmm/m/it/12 e \OMS/cmsy/m/n/12 ^^@
 []


Overfull \hbox (40.5988pt too wide) in paragraph at lines 83--1
\OT1/cmr/m/n/12 05\OML/cmm/m/it/12 with\OT1/cmr/m/n/12 77169\OML/cmm/m/it/12 :\
OT1/cmr/m/n/12 7\OML/cmm/m/it/12 txns:Averagelogtimepertxnforbuffer[]ize\OT1/cm
r/m/n/12 100 : 2\OML/cmm/m/it/12 :\OT1/cmr/m/n/12 60182905193\OML/cmm/m/it/12 e
 \OMS/cmsy/m/n/12 ^^@ \OT1/cmr/m/n/12 05\OML/cmm/m/it/12 with\OT1/cmr/m/n/12 77
739\OML/cmm/m/it/12 :\OT1/cmr/m/n/12 4\OML/cmm/m/it/12 txns:$ 
 []

) [5]
No file main.bbl.
(./main.aux)

LaTeX Warning: Label(s) may have changed. Rerun to get cross-references right.

 ) 
Here is how much of TeX's memory you used:
 2366 strings out of 495028
 33602 string characters out of 6181497
 99184 words of memory out of 5000000
 5513 multiletter control sequences out of 15000+600000
 12704 words of font info for 49 fonts, out of 8000000 for 9000
 14 hyphenation exceptions out of 8191
 38i,9n,32p,943b,238s stack positions out of 5000i,500n,10000p,200000b,80000s
</usr/share/texlive/texmf-dist/fonts/type1/public/amsfonts/cm/cmbx10.pfb></us
r/share/texlive/texmf-dist/fonts/type1/public/amsfonts/cm/cmbx12.pfb></usr/shar
e/texlive/texmf-dist/fonts/type1/public/amsfonts/cm/cmmi12.pfb></usr/share/texl
ive/texmf-dist/fonts/type1/public/amsfonts/cm/cmmi8.pfb></usr/share/texlive/tex
mf-dist/fonts/type1/public/amsfonts/cm/cmr12.pfb></usr/share/texlive/texmf-dist
/fonts/type1/public/amsfonts/cm/cmr17.pfb></usr/share/texlive/texmf-dist/fonts/
type1/public/amsfonts/cm/cmsy10.pfb>
Output written on main.pdf (5 pages, 346768 bytes).
PDF statistics:
 54 PDF objects out of 1000 (max. 8388607)
 34 compressed objects within 1 object stream
 0 named destinations out of 1000 (max. 500000)
 16 words of extra memory for PDF output out of 10000 (max. 10000000)

